<?xml version="1.0" encoding="UTF-8"?>
<testsuite xmlns:xsi="http://www.w3.org/2001/XMLSchema-instance" xsi:noNamespaceSchemaLocation="https://maven.apache.org/surefire/maven-surefire-plugin/xsd/surefire-test-report-3.0.xsd" version="3.0" name="com.example.demo.MusicBackendApplicationTests" time="13.001" tests="1" errors="0" skipped="0" failures="0">
  <properties>
[...]
</properties>
  <testcase name="contextLoads" classname="com.example.demo.MusicBackendApplicationTests" time="1.009">
    <system-out><![CDATA[20:53:31.946 [main] INFO org.springframework.test.context.support.AnnotationConfigContextLoaderUtils -- Could not detect default configuration classes for test class [com.example.demo.MusicBackendApplicationTests]: MusicBackendApplicationTests does not declare any static, non-private, non-final, nested classes annotated with @Configuration.
20:53:32.217 [main] INFO org.springframework.boot.test.context.SpringBootTestContextBootstrapper -- Found @SpringBootConfiguration com.example.demo.MusicBackendApplication for test class com.example.demo.MusicBackendApplicationTests
20:53:32.595 [main] INFO org.springframework.boot.devtools.restart.RestartApplicationListener -- Restart disabled due to context in which it is running

  .   ____          _            __ _ _
 /\\ / ___'_ __ _ _(_)_ __  __ _ \ \ \ \
( ( )\___ | '_ | '_| | '_ \/ _` | \ \ \ \
 \\/  ___)| |_)| | | | | || (_| |  ) ) ) )
  '  |____| .__|_| |_|_| |_\__, | / / / /
 =========|_|==============|___/=/_/_/_/

 :: Spring Boot ::                (v3.3.5)

2024-12-14T20:53:33.251+05:30  INFO 315206 --- [           main] c.e.demo.MusicBackendApplicationTests    : Starting MusicBackendApplicationTests using Java 17.0.13 with PID 315206 (started by kalyanm in /home/kalyanm/Downloads/Music_app-backend-1/music_backend/demo)
2024-12-14T20:53:33.256+05:30  INFO 315206 --- [           main] c.e.demo.MusicBackendApplicationTests    : No active profile set, falling back to 1 default profile: "default"
2024-12-14T20:53:35.038+05:30  INFO 315206 --- [           main] .s.d.r.c.RepositoryConfigurationDelegate : Multiple Spring Data modules found, entering strict repository configuration mode
2024-12-14T20:53:35.040+05:30  INFO 315206 --- [           main] .s.d.r.c.RepositoryConfigurationDelegate : Bootstrapping Spring Data JDBC repositories in DEFAULT mode.
2024-12-14T20:53:35.127+05:30  INFO 315206 --- [           main] .RepositoryConfigurationExtensionSupport : Spring Data JDBC - Could not safely identify store assignment for repository candidate interface com.example.demo.repository.MusicRepo; If you want this repository to be a JDBC repository, consider annotating your entities with one of these annotations: org.springframework.data.relational.core.mapping.Table.
2024-12-14T20:53:35.136+05:30  INFO 315206 --- [           main] .RepositoryConfigurationExtensionSupport : Spring Data JDBC - Could not safely identify store assignment for repository candidate interface com.example.demo.repository.Userrepo; If you want this repository to be a JDBC repository, consider annotating your entities with one of these annotations: org.springframework.data.relational.core.mapping.Table.
2024-12-14T20:53:35.137+05:30  INFO 315206 --- [           main] .s.d.r.c.RepositoryConfigurationDelegate : Finished Spring Data repository scanning in 89 ms. Found 0 JDBC repository interfaces.
2024-12-14T20:53:35.167+05:30  INFO 315206 --- [           main] .s.d.r.c.RepositoryConfigurationDelegate : Multiple Spring Data modules found, entering strict repository configuration mode
2024-12-14T20:53:35.171+05:30  INFO 315206 --- [           main] .s.d.r.c.RepositoryConfigurationDelegate : Bootstrapping Spring Data JPA repositories in DEFAULT mode.
2024-12-14T20:53:35.194+05:30  INFO 315206 --- [           main] .RepositoryConfigurationExtensionSupport : Spring Data JPA - Could not safely identify store assignment for repository candidate interface com.example.demo.repository.MusicRepo; If you want this repository to be a JPA repository, consider annotating your entities with one of these annotations: jakarta.persistence.Entity, jakarta.persistence.MappedSuperclass (preferred), or consider extending one of the following types with your repository: org.springframework.data.jpa.repository.JpaRepository
2024-12-14T20:53:35.248+05:30  INFO 315206 --- [           main] .s.d.r.c.RepositoryConfigurationDelegate : Finished Spring Data repository scanning in 65 ms. Found 1 JPA repository interface.
2024-12-14T20:53:35.345+05:30  INFO 315206 --- [           main] .s.d.r.c.RepositoryConfigurationDelegate : Multiple Spring Data modules found, entering strict repository configuration mode
2024-12-14T20:53:35.346+05:30  INFO 315206 --- [           main] .s.d.r.c.RepositoryConfigurationDelegate : Bootstrapping Spring Data MongoDB repositories in DEFAULT mode.
2024-12-14T20:53:35.359+05:30  INFO 315206 --- [           main] .RepositoryConfigurationExtensionSupport : Spring Data MongoDB - Could not safely identify store assignment for repository candidate interface com.example.demo.repository.Userrepo; If you want this repository to be a MongoDB repository, consider annotating your entities with one of these annotations: org.springframework.data.mongodb.core.mapping.Document (preferred), or consider extending one of the following types with your repository: org.springframework.data.mongodb.repository.MongoRepository
2024-12-14T20:53:35.377+05:30  INFO 315206 --- [           main] .s.d.r.c.RepositoryConfigurationDelegate : Finished Spring Data repository scanning in 30 ms. Found 1 MongoDB repository interface.
2024-12-14T20:53:36.371+05:30  INFO 315206 --- [           main] o.hibernate.jpa.internal.util.LogHelper  : HHH000204: Processing PersistenceUnitInfo [name: default]
2024-12-14T20:53:36.515+05:30  INFO 315206 --- [           main] org.hibernate.Version                    : HHH000412: Hibernate ORM core version 6.5.3.Final
2024-12-14T20:53:36.605+05:30  INFO 315206 --- [           main] o.h.c.internal.RegionFactoryInitiator    : HHH000026: Second-level cache disabled
2024-12-14T20:53:37.373+05:30  INFO 315206 --- [           main] o.s.o.j.p.SpringPersistenceUnitInfo      : No LoadTimeWeaver setup: ignoring JPA class transformer
2024-12-14T20:53:37.453+05:30  INFO 315206 --- [           main] com.zaxxer.hikari.HikariDataSource       : HikariPool-1 - Starting...
2024-12-14T20:53:38.191+05:30  INFO 315206 --- [           main] com.zaxxer.hikari.pool.HikariPool        : HikariPool-1 - Added connection org.postgresql.jdbc.PgConnection@6029f2a4
2024-12-14T20:53:38.194+05:30  INFO 315206 --- [           main] com.zaxxer.hikari.HikariDataSource       : HikariPool-1 - Start completed.
2024-12-14T20:53:40.074+05:30  INFO 315206 --- [           main] o.h.e.t.j.p.i.JtaPlatformInitiator       : HHH000489: No JTA platform available (set 'hibernate.transaction.jta.platform' to enable JTA platform integration)
2024-12-14T20:53:40.207+05:30  INFO 315206 --- [           main] j.LocalContainerEntityManagerFactoryBean : Initialized JPA EntityManagerFactory for persistence unit 'default'
2024-12-14T20:53:40.619+05:30  INFO 315206 --- [27f.mongodb.net] org.mongodb.driver.cluster               : Adding discovered server cluster0cluster0-shard-00-02.rv27f.mongodb.net:27017 to client view of cluster
2024-12-14T20:53:40.648+05:30  INFO 315206 --- [           main] org.mongodb.driver.client                : MongoClient with metadata {"driver": {"name": "mongo-java-driver|sync|spring-boot", "version": "5.0.1"}, "os": {"type": "Linux", "name": "Linux", "architecture": "amd64", "version": "6.8.0-49-generic"}, "platform": "Java/Ubuntu/17.0.13+11-Ubuntu-2ubuntu122.04"} created with settings MongoClientSettings{readPreference=primary, writeConcern=WriteConcern{w=majority, wTimeout=null ms, journal=null}, retryWrites=true, retryReads=true, readConcern=ReadConcern{level=null}, credential=MongoCredential{mechanism=null, userName='kalyan', source='admin', password=<hidden>, mechanismProperties=<hidden>}, transportSettings=null, commandListeners=[], codecRegistry=ProvidersCodecRegistry{codecProviders=[ValueCodecProvider{}, BsonValueCodecProvider{}, DBRefCodecProvider{}, DBObjectCodecProvider{}, DocumentCodecProvider{}, CollectionCodecProvider{}, IterableCodecProvider{}, MapCodecProvider{}, GeoJsonCodecProvider{}, GridFSFileCodecProvider{}, Jsr310CodecProvider{}, JsonObjectCodecProvider{}, BsonCodecProvider{}, EnumCodecProvider{}, com.mongodb.client.model.mql.ExpressionCodecProvider@2352c21f, com.mongodb.Jep395RecordCodecProvider@23cb8fcb, com.mongodb.KotlinCodecProvider@25a2f432]}, loggerSettings=LoggerSettings{maxDocumentLength=1000}, clusterSettings={hosts=[127.0.0.1:27017], srvHost=cluster0cluster0.rv27f.mongodb.net, srvServiceName=mongodb, mode=MULTIPLE, requiredClusterType=REPLICA_SET, requiredReplicaSetName='atlas-3hl7q0-shard-0', serverSelector='null', clusterListeners='[]', serverSelectionTimeout='30000 ms', localThreshold='15 ms'}, socketSettings=SocketSettings{connectTimeoutMS=10000, readTimeoutMS=0, receiveBufferSize=0, proxySettings=ProxySettings{host=null, port=null, username=null, password=null}}, heartbeatSocketSettings=SocketSettings{connectTimeoutMS=10000, readTimeoutMS=10000, receiveBufferSize=0, proxySettings=ProxySettings{host=null, port=null, username=null, password=null}}, connectionPoolSettings=ConnectionPoolSettings{maxSize=100, minSize=0, maxWaitTimeMS=120000, maxConnectionLifeTimeMS=0, maxConnectionIdleTimeMS=0, maintenanceInitialDelayMS=0, maintenanceFrequencyMS=60000, connectionPoolListeners=[], maxConnecting=2}, serverSettings=ServerSettings{heartbeatFrequencyMS=10000, minHeartbeatFrequencyMS=500, serverListeners='[]', serverMonitorListeners='[]'}, sslSettings=SslSettings{enabled=true, invalidHostNameAllowed=false, context=null}, applicationName='null', compressorList=[], uuidRepresentation=JAVA_LEGACY, serverApi=null, autoEncryptionSettings=null, dnsClient=null, inetAddressResolver=null, contextProvider=null}
2024-12-14T20:53:40.712+05:30  INFO 315206 --- [27f.mongodb.net] org.mongodb.driver.cluster               : Adding discovered server cluster0cluster0-shard-00-01.rv27f.mongodb.net:27017 to client view of cluster
2024-12-14T20:53:40.726+05:30  INFO 315206 --- [27f.mongodb.net] org.mongodb.driver.cluster               : Adding discovered server cluster0cluster0-shard-00-00.rv27f.mongodb.net:27017 to client view of cluster
2024-12-14T20:53:41.399+05:30  INFO 315206 --- [ngodb.net:27017] org.mongodb.driver.cluster               : Monitor thread successfully connected to server with description ServerDescription{address=cluster0cluster0-shard-00-02.rv27f.mongodb.net:27017, type=REPLICA_SET_PRIMARY, state=CONNECTED, ok=true, minWireVersion=0, maxWireVersion=25, maxDocumentSize=16777216, logicalSessionTimeoutMinutes=30, roundTripTimeNanos=271258523, setName='atlas-3hl7q0-shard-0', canonicalAddress=cluster0cluster0-shard-00-02.rv27f.mongodb.net:27017, hosts=[cluster0cluster0-shard-00-00.rv27f.mongodb.net:27017, cluster0cluster0-shard-00-01.rv27f.mongodb.net:27017, cluster0cluster0-shard-00-02.rv27f.mongodb.net:27017], passives=[], arbiters=[], primary='cluster0cluster0-shard-00-02.rv27f.mongodb.net:27017', tagSet=TagSet{[Tag{name='availabilityZone', value='aps1-az2'}, Tag{name='diskState', value='READY'}, Tag{name='nodeType', value='ELECTABLE'}, Tag{name='provider', value='AWS'}, Tag{name='region', value='AP_SOUTH_1'}, Tag{name='workloadType', value='OPERATIONAL'}]}, electionId=7fffffff00000000000001aa, setVersion=143, topologyVersion=TopologyVersion{processId=675309a201d6aa7d3a0af2c2, counter=6}, lastWriteDate=Sat Dec 14 20:53:41 IST 2024, lastUpdateTimeNanos=25985795140488}
2024-12-14T20:53:41.399+05:30  INFO 315206 --- [ngodb.net:27017] org.mongodb.driver.cluster               : Monitor thread successfully connected to server with description ServerDescription{address=cluster0cluster0-shard-00-01.rv27f.mongodb.net:27017, type=REPLICA_SET_SECONDARY, state=CONNECTED, ok=true, minWireVersion=0, maxWireVersion=25, maxDocumentSize=16777216, logicalSessionTimeoutMinutes=30, roundTripTimeNanos=270920702, setName='atlas-3hl7q0-shard-0', canonicalAddress=cluster0cluster0-shard-00-01.rv27f.mongodb.net:27017, hosts=[cluster0cluster0-shard-00-00.rv27f.mongodb.net:27017, cluster0cluster0-shard-00-01.rv27f.mongodb.net:27017, cluster0cluster0-shard-00-02.rv27f.mongodb.net:27017], passives=[], arbiters=[], primary='cluster0cluster0-shard-00-02.rv27f.mongodb.net:27017', tagSet=TagSet{[Tag{name='availabilityZone', value='aps1-az3'}, Tag{name='diskState', value='READY'}, Tag{name='nodeType', value='ELECTABLE'}, Tag{name='provider', value='AWS'}, Tag{name='region', value='AP_SOUTH_1'}, Tag{name='workloadType', value='OPERATIONAL'}]}, electionId=null, setVersion=143, topologyVersion=TopologyVersion{processId=67530ba2e48694886064d964, counter=3}, lastWriteDate=Sat Dec 14 20:53:41 IST 2024, lastUpdateTimeNanos=25985794593830}
2024-12-14T20:53:41.400+05:30  INFO 315206 --- [ngodb.net:27017] org.mongodb.driver.cluster               : Monitor thread successfully connected to server with description ServerDescription{address=cluster0cluster0-shard-00-00.rv27f.mongodb.net:27017, type=REPLICA_SET_SECONDARY, state=CONNECTED, ok=true, minWireVersion=0, maxWireVersion=25, maxDocumentSize=16777216, logicalSessionTimeoutMinutes=30, roundTripTimeNanos=270974144, setName='atlas-3hl7q0-shard-0', canonicalAddress=cluster0cluster0-shard-00-00.rv27f.mongodb.net:27017, hosts=[cluster0cluster0-shard-00-00.rv27f.mongodb.net:27017, cluster0cluster0-shard-00-01.rv27f.mongodb.net:27017, cluster0cluster0-shard-00-02.rv27f.mongodb.net:27017], passives=[], arbiters=[], primary='cluster0cluster0-shard-00-02.rv27f.mongodb.net:27017', tagSet=TagSet{[Tag{name='availabilityZone', value='aps1-az1'}, Tag{name='diskState', value='READY'}, Tag{name='nodeType', value='ELECTABLE'}, Tag{name='provider', value='AWS'}, Tag{name='region', value='AP_SOUTH_1'}, Tag{name='workloadType', value='OPERATIONAL'}]}, electionId=null, setVersion=143, topologyVersion=TopologyVersion{processId=67530ac2b557e391258495e2, counter=4}, lastWriteDate=Sat Dec 14 20:53:41 IST 2024, lastUpdateTimeNanos=25985794593891}
2024-12-14T20:53:41.408+05:30  INFO 315206 --- [ngodb.net:27017] org.mongodb.driver.cluster               : Discovered replica set primary cluster0cluster0-shard-00-02.rv27f.mongodb.net:27017 with max election id 7fffffff00000000000001aa and max set version 143
2024-12-14T20:53:42.228+05:30  WARN 315206 --- [           main] JpaBaseConfiguration$JpaWebConfiguration : spring.jpa.open-in-view is enabled by default. Therefore, database queries may be performed during view rendering. Explicitly configure spring.jpa.open-in-view to disable this warning
2024-12-14T20:53:42.978+05:30  WARN 315206 --- [           main] ion$DefaultTemplateResolverConfiguration : Cannot find template location: classpath:/templates/ (please add some templates, check your Thymeleaf configuration, or set spring.thymeleaf.check-template-location=false)
2024-12-14T20:53:43.415+05:30  INFO 315206 --- [           main] c.e.demo.MusicBackendApplicationTests    : Started MusicBackendApplicationTests in 10.849 seconds (process running for 13.193)
]]></system-out>
  </testcase>
</testsuite>